<?xml version="1.0" encoding="UTF-8"?>
<testng-results skipped="0" failed="0" ignored="0" total="2" passed="2">
  <reporter-output>
  </reporter-output>
  <suite name="Default suite" duration-ms="20808" started-at="2019-06-25T05:27:22Z" finished-at="2019-06-25T05:27:43Z">
    <groups>
    </groups>
    <test name="Default test" duration-ms="20808" started-at="2019-06-25T05:27:22Z" finished-at="2019-06-25T05:27:43Z">
      <class name="com.training.regression.tests.LoginDBTest">
        <test-method status="PASS" signature="setUpBeforeClass()[pri:0, instance:com.training.regression.tests.LoginDBTest@1bce4f0a]" name="setUpBeforeClass" is-config="true" duration-ms="15" started-at="2019-06-25T05:27:22Z" finished-at="2019-06-25T05:27:22Z">
          <reporter-output>
          </reporter-output>
        </test-method> <!-- setUpBeforeClass -->
        <test-method status="PASS" signature="setUp()[pri:0, instance:com.training.regression.tests.LoginDBTest@1bce4f0a]" name="setUp" is-config="true" duration-ms="6207" started-at="2019-06-25T05:27:23Z" finished-at="2019-06-25T05:27:29Z">
          <reporter-output>
          </reporter-output>
        </test-method> <!-- setUp -->
        <test-method status="PASS" signature="loginDBTest(java.lang.String, java.lang.String)[pri:0, instance:com.training.regression.tests.LoginDBTest@1bce4f0a]" name="loginDBTest" duration-ms="2243" started-at="2019-06-25T05:27:29Z" data-provider="db-inputs" finished-at="2019-06-25T05:27:31Z">
          <params>
            <param index="0">
              <value>
                <![CDATA[admin]]>
              </value>
            </param>
            <param index="1">
              <value>
                <![CDATA[admin@123]]>
              </value>
            </param>
          </params>
          <reporter-output>
          </reporter-output>
        </test-method> <!-- loginDBTest -->
        <test-method status="PASS" signature="tearDown()[pri:0, instance:com.training.regression.tests.LoginDBTest@1bce4f0a]" name="tearDown" is-config="true" duration-ms="1825" started-at="2019-06-25T05:27:31Z" finished-at="2019-06-25T05:27:33Z">
          <reporter-output>
          </reporter-output>
        </test-method> <!-- tearDown -->
        <test-method status="PASS" signature="setUp()[pri:0, instance:com.training.regression.tests.LoginDBTest@1bce4f0a]" name="setUp" is-config="true" duration-ms="5544" started-at="2019-06-25T05:27:33Z" finished-at="2019-06-25T05:27:38Z">
          <reporter-output>
          </reporter-output>
        </test-method> <!-- setUp -->
        <test-method status="PASS" signature="loginDBTest(java.lang.String, java.lang.String)[pri:0, instance:com.training.regression.tests.LoginDBTest@1bce4f0a]" name="loginDBTest" duration-ms="2890" started-at="2019-06-25T05:27:38Z" data-provider="db-inputs" finished-at="2019-06-25T05:27:41Z">
          <params>
            <param index="0">
              <value>
                <![CDATA[sowmya]]>
              </value>
            </param>
            <param index="1">
              <value>
                <![CDATA[testing@123]]>
              </value>
            </param>
          </params>
          <reporter-output>
          </reporter-output>
        </test-method> <!-- loginDBTest -->
        <test-method status="PASS" signature="tearDown()[pri:0, instance:com.training.regression.tests.LoginDBTest@1bce4f0a]" name="tearDown" is-config="true" duration-ms="1792" started-at="2019-06-25T05:27:41Z" finished-at="2019-06-25T05:27:43Z">
          <reporter-output>
          </reporter-output>
        </test-method> <!-- tearDown -->
      </class> <!-- com.training.regression.tests.LoginDBTest -->
    </test> <!-- Default test -->
  </suite> <!-- Default suite -->
</testng-results>
