<?xml version="1.0" encoding="UTF-8"?>
<!-- Generated by org.testng.reporters.JUnitXMLReporter -->
<testsuite hostname="syantrap" ignored="0" name="Default test" tests="3" failures="0" timestamp="06 Jul 2019 09:55:34 GMT" time="99.338" errors="0">
  <testcase name="InvalidRegTest" time="24.649" classname="com.training.regression.tests.InvalidRegExcelTest"/>
  <testcase name="InvalidRegTest" time="24.169" classname="com.training.regression.tests.InvalidRegExcelTest"/>
  <testcase name="InvalidRegTest" time="24.883" classname="com.training.regression.tests.InvalidRegExcelTest"/>
</testsuite> <!-- Default test -->
